<?xml version="1.0" encoding="UTF-8"?>
<testsuite name="com.mrdiy.careers.UniversalJobSearchEngineTest" tests="4" skipped="0" failures="0" errors="0" timestamp="2026-09-22T15:58:27.209Z" hostname="JOSE-VICTUS" time="0.007">
  <properties/>
  <testcase name="cashierFindsRelatedRetailRole" classname="com.mrdiy.careers.UniversalJobSearchEngineTest" time="0.005"/>
  <testcase name="professionalAndManagementRolesRemainSearchable" classname="com.mrdiy.careers.UniversalJobSearchEngineTest" time="0.001"/>
  <testcase name="typoIsTolerated" classname="com.mrdiy.careers.UniversalJobSearchEngineTest" time="0.001"/>
  <testcase name="jobFamiliesCoverNonTechnicalRoles" classname="com.mrdiy.careers.UniversalJobSearchEngineTest" time="0.0"/>
  <system-out><![CDATA[]]></system-out>
  <system-err><![CDATA[]]></system-err>
</testsuite>
