<?xml version="1.0" encoding="UTF-8"?>
<testsuite name="com.mrdiy.careers.ResumeSkillsTest" tests="3" skipped="0" failures="0" errors="0" timestamp="2026-09-22T15:58:27.200Z" hostname="JOSE-VICTUS" time="0.007">
  <properties/>
  <testcase name="emptyResumeHasNoExtractedSkills" classname="com.mrdiy.careers.ResumeSkillsTest" time="0.003"/>
  <testcase name="extractsRetailAndWarehouseSkills" classname="com.mrdiy.careers.ResumeSkillsTest" time="0.003"/>
  <testcase name="doesNotTreatSubstringsAsSkills" classname="com.mrdiy.careers.ResumeSkillsTest" time="0.001"/>
  <system-out><![CDATA[]]></system-out>
  <system-err><![CDATA[]]></system-err>
</testsuite>
