<?xml version="1.0" encoding="UTF-8"?>
<testsuite name="com.mrdiy.careers.PublishedJobsTest" tests="9" skipped="0" failures="0" errors="0" timestamp="2026-09-22T15:58:27.059Z" hostname="JOSE-VICTUS" time="0.138">
  <properties/>
  <testcase name="loadsBeyondFirstPageAndExcludesDrafts" classname="com.mrdiy.careers.PublishedJobsTest" time="0.079"/>
  <testcase name="resumeTextAndDescriptionSkillsContributeToMatching" classname="com.mrdiy.careers.PublishedJobsTest" time="0.008"/>
  <testcase name="emptyProfileDoesNotClaimSuitability" classname="com.mrdiy.careers.PublishedJobsTest" time="0.0"/>
  <testcase name="adminSalaryRangesKeepDecimalsAndNormalizeMonthlyPay" classname="com.mrdiy.careers.PublishedJobsTest" time="0.003"/>
  <testcase name="adminRowsAcceptNumericAndUuidIdsAndNullableFields" classname="com.mrdiy.careers.PublishedJobsTest" time="0.02"/>
  <testcase name="pageFailureDoesNotReturnPartialCatalog" classname="com.mrdiy.careers.PublishedJobsTest" time="0.002"/>
  <testcase name="emptyCatalogDoesNotCreateSampleJobs" classname="com.mrdiy.careers.PublishedJobsTest" time="0.001"/>
  <testcase name="cancellationPropagates" classname="com.mrdiy.careers.PublishedJobsTest" time="0.021"/>
  <testcase name="desiredPositionRanksRelevantPublishedJobFirst" classname="com.mrdiy.careers.PublishedJobsTest" time="0.0"/>
  <system-out><![CDATA[]]></system-out>
  <system-err><![CDATA[]]></system-err>
</testsuite>
